c:\users\89370\desktop\dialogduilib1\tmpserver\debug\vc120.pdb
c:\users\89370\desktop\dialogduilib1\tmpserver\debug\vc120.idb
c:\users\89370\desktop\dialogduilib1\tmpserver\debug\clientconnector.obj
c:\users\89370\desktop\dialogduilib1\tmpserver\debug\cmd_getcontacts.obj
c:\users\89370\desktop\dialogduilib1\tmpserver\debug\cmd_handlequeryuserstatus.obj
c:\users\89370\desktop\dialogduilib1\tmpserver\debug\cmd_handlereceivefilereturn.obj
c:\users\89370\desktop\dialogduilib1\tmpserver\debug\cmd_handletextmessage.obj
c:\users\89370\desktop\dialogduilib1\tmpserver\debug\cmd_loginverify.obj
c:\users\89370\desktop\dialogduilib1\tmpserver\debug\cmd_serverreceivefile.obj
c:\users\89370\desktop\dialogduilib1\tmpserver\debug\command.obj
c:\users\89370\desktop\dialogduilib1\tmpserver\debug\main.obj
c:\users\89370\desktop\dialogduilib1\tmpserver\debug\mainconnector.obj
c:\users\89370\desktop\dialogduilib1\tmpserver\debug\stdafx.obj
c:\users\89370\desktop\dialogduilib1\tmpserver\debug\user.obj
c:\users\89370\desktop\dialogduilib1\debug\server.ilk
c:\users\89370\desktop\dialogduilib1\debug\server.exe
c:\users\89370\desktop\dialogduilib1\debug\server.pdb
c:\users\89370\desktop\dialogduilib1\tmpserver\debug\server.tlog\cl.command.1.tlog
c:\users\89370\desktop\dialogduilib1\tmpserver\debug\server.tlog\cl.read.1.tlog
c:\users\89370\desktop\dialogduilib1\tmpserver\debug\server.tlog\cl.write.1.tlog
c:\users\89370\desktop\dialogduilib1\tmpserver\debug\server.tlog\link.command.1.tlog
c:\users\89370\desktop\dialogduilib1\tmpserver\debug\server.tlog\link.read.1.tlog
c:\users\89370\desktop\dialogduilib1\tmpserver\debug\server.tlog\link.write.1.tlog
